<?xml version="1.0" encoding="UTF-8"?>
<!-- Generated by org.testng.reporters.JUnitReportReporter -->
<testsuite hostname="Deryas-MacBook-Pro.local" failures="0" tests="6" name="com.nau.AppTest" time="1.059" errors="0" timestamp="10 May 2020 07:08:13 GMT" skipped="0">
  <testcase classname="com.nau.AppTest" name="loginTest" time="0.895"/>
  <testcase classname="com.nau.AppTest" name="homePageTest" time="0.043"/>
  <testcase classname="com.nau.AppTest" name="cashAccountTest" time="0.031"/>
  <testcase classname="com.nau.AppTest" name="investmentAccountTest" time="0.030"/>
  <testcase classname="com.nau.AppTest" name="creditAccountTest" time="0.030"/>
  <testcase classname="com.nau.AppTest" name="loanAccountTest" time="0.030"/>
</testsuite> <!-- com.nau.AppTest -->
